# JRE version: OpenJDK Runtime Environment (8.0_181-b13) (build 1.8.0_181-8u181-b13-0ubuntu0.16.04.1-b13)
# Java VM: OpenJDK 64-Bit Server VM (25.181-b13 mixed mode linux-amd64 compressed oops)
Heap:
 PSYoungGen      total 581632K, used 581208K [0x00000000d5580000, 0x0000000100000000, 0x0000000100000000)
  eden space 502272K, 100% used [0x00000000d5580000,0x00000000f4000000,0x00000000f4000000)
  from space 79360K, 99% used [0x00000000f4000000,0x00000000f8d16220,0x00000000f8d80000)
  to   space 103936K, 54% used [0x00000000f9a80000,0x00000000fd245310,0x0000000100000000)
 ParOldGen       total 278528K, used 202658K [0x0000000080000000, 0x0000000091000000, 0x00000000d5580000)
  object space 278528K, 72% used [0x0000000080000000,0x000000008c5e8be8,0x0000000091000000)
 Metaspace       used 3689K, capacity 4844K, committed 5120K, reserved 1056768K
  class space    used 374K, capacity 424K, committed 512K, reserved 1048576K
GC Heap History (10 events):
Event: 2.025 GC heap after
Heap after GC invocations=5 (full 0):
 PSYoungGen      total 435200K, used 17394K [0x00000000d5580000, 0x0000000100000000, 0x0000000100000000)
  eden space 417792K, 0% used [0x00000000d5580000,0x00000000d5580000,0x00000000eed80000)
  from space 17408K, 99% used [0x00000000eed80000,0x00000000efe7c858,0x00000000efe80000)
  to   space 55808K, 0% used [0x00000000fc980000,0x00000000fc980000,0x0000000100000000)
 ParOldGen       total 278528K, used 100542K [0x0000000080000000, 0x0000000091000000, 0x00000000d5580000)
  object space 278528K, 36% used [0x0000000080000000,0x000000008622fa68,0x0000000091000000)
 Metaspace       used 3689K, capacity 4844K, committed 5120K, reserved 1056768K
  class space    used 374K, capacity 424K, committed 512K, reserved 1048576K
}
Event: 2.645 GC heap before
{Heap before GC invocations=6 (full 0):
 PSYoungGen      total 435200K, used 435186K [0x00000000d5580000, 0x0000000100000000, 0x0000000100000000)
  eden space 417792K, 100% used [0x00000000d5580000,0x00000000eed80000,0x00000000eed80000)
  from space 17408K, 99% used [0x00000000eed80000,0x00000000efe7c858,0x00000000efe80000)
  to   space 55808K, 0% used [0x00000000fc980000,0x00000000fc980000,0x0000000100000000)
 ParOldGen       total 278528K, used 100542K [0x0000000080000000, 0x0000000091000000, 0x00000000d5580000)
  object space 278528K, 36% used [0x0000000080000000,0x000000008622fa68,0x0000000091000000)
 Metaspace       used 3689K, capacity 4844K, committed 5120K, reserved 1056768K
  class space    used 374K, capacity 424K, committed 512K, reserved 1048576K
Event: 2.689 GC heap after
Heap after GC invocations=6 (full 0):
 PSYoungGen      total 637952K, used 47371K [0x00000000d5580000, 0x0000000100000000, 0x0000000100000000)
  eden space 582144K, 0% used [0x00000000d5580000,0x00000000d5580000,0x00000000f8e00000)
  from space 55808K, 84% used [0x00000000fc980000,0x00000000ff7c2c48,0x0000000100000000)
  to   space 58368K, 0% used [0x00000000f8e00000,0x00000000f8e00000,0x00000000fc700000)
 ParOldGen       total 278528K, used 100542K [0x0000000080000000, 0x0000000091000000, 0x00000000d5580000)
  object space 278528K, 36% used [0x0000000080000000,0x000000008622fa68,0x0000000091000000)
 Metaspace       used 3689K, capacity 4844K, committed 5120K, reserved 1056768K
  class space    used 374K, capacity 424K, committed 512K, reserved 1048576K
}
Event: 3.563 GC heap before
{Heap before GC invocations=7 (full 0):
 PSYoungGen      total 637952K, used 629515K [0x00000000d5580000, 0x0000000100000000, 0x0000000100000000)
  eden space 582144K, 100% used [0x00000000d5580000,0x00000000f8e00000,0x00000000f8e00000)
  from space 55808K, 84% used [0x00000000fc980000,0x00000000ff7c2c48,0x0000000100000000)
  to   space 58368K, 0% used [0x00000000f8e00000,0x00000000f8e00000,0x00000000fc700000)
 ParOldGen       total 278528K, used 100542K [0x0000000080000000, 0x0000000091000000, 0x00000000d5580000)
  object space 278528K, 36% used [0x0000000080000000,0x000000008622fa68,0x0000000091000000)
 Metaspace       used 3689K, capacity 4844K, committed 5120K, reserved 1056768K
  class space    used 374K, capacity 424K, committed 512K, reserved 1048576K
Event: 3.617 GC heap after
Heap after GC invocations=7 (full 0):
 PSYoungGen      total 640512K, used 58363K [0x00000000d5580000, 0x0000000100000000, 0x0000000100000000)
  eden space 582144K, 0% used [0x00000000d5580000,0x00000000d5580000,0x00000000f8e00000)
  from space 58368K, 99% used [0x00000000f8e00000,0x00000000fc6fec28,0x00000000fc700000)
  to   space 58368K, 0% used [0x00000000fc700000,0x00000000fc700000,0x0000000100000000)
 ParOldGen       total 278528K, used 126066K [0x0000000080000000, 0x0000000091000000, 0x00000000d5580000)
  object space 278528K, 45% used [0x0000000080000000,0x0000000087b1cb18,0x0000000091000000)
 Metaspace       used 3689K, capacity 4844K, committed 5120K, reserved 1056768K
  class space    used 374K, capacity 424K, committed 512K, reserved 1048576K
}
Event: 4.413 GC heap before
{Heap before GC invocations=8 (full 0):
 PSYoungGen      total 640512K, used 640507K [0x00000000d5580000, 0x0000000100000000, 0x0000000100000000)
  eden space 582144K, 100% used [0x00000000d5580000,0x00000000f8e00000,0x00000000f8e00000)
  from space 58368K, 99% used [0x00000000f8e00000,0x00000000fc6fec28,0x00000000fc700000)
  to   space 58368K, 0% used [0x00000000fc700000,0x00000000fc700000,0x0000000100000000)
 ParOldGen       total 278528K, used 126066K [0x0000000080000000, 0x0000000091000000, 0x00000000d5580000)
  object space 278528K, 45% used [0x0000000080000000,0x0000000087b1cb18,0x0000000091000000)
 Metaspace       used 3689K, capacity 4844K, committed 5120K, reserved 1056768K
  class space    used 374K, capacity 424K, committed 512K, reserved 1048576K
Event: 4.477 GC heap after
Heap after GC invocations=8 (full 0):
 PSYoungGen      total 560640K, used 58344K [0x00000000d5580000, 0x0000000100000000, 0x0000000100000000)
  eden space 502272K, 0% used [0x00000000d5580000,0x00000000d5580000,0x00000000f4000000)
  from space 58368K, 99% used [0x00000000fc700000,0x00000000ffffa230,0x0000000100000000)
  to   space 98304K, 0% used [0x00000000f4000000,0x00000000f4000000,0x00000000fa000000)
 ParOldGen       total 278528K, used 168282K [0x0000000080000000, 0x0000000091000000, 0x00000000d5580000)
  object space 278528K, 60% used [0x0000000080000000,0x000000008a456b58,0x0000000091000000)
 Metaspace       used 3689K, capacity 4844K, committed 5120K, reserved 1056768K
  class space    used 374K, capacity 424K, committed 512K, reserved 1048576K
}
Event: 5.170 GC heap before
{Heap before GC invocations=9 (full 0):
 PSYoungGen      total 560640K, used 560616K [0x00000000d5580000, 0x0000000100000000, 0x0000000100000000)
  eden space 502272K, 100% used [0x00000000d5580000,0x00000000f4000000,0x00000000f4000000)
  from space 58368K, 99% used [0x00000000fc700000,0x00000000ffffa230,0x0000000100000000)
  to   space 98304K, 0% used [0x00000000f4000000,0x00000000f4000000,0x00000000fa000000)
 ParOldGen       total 278528K, used 168282K [0x0000000080000000, 0x0000000091000000, 0x00000000d5580000)
  object space 278528K, 60% used [0x0000000080000000,0x000000008a456b58,0x0000000091000000)
 Metaspace       used 3689K, capacity 4844K, committed 5120K, reserved 1056768K
  class space    used 374K, capacity 424K, committed 512K, reserved 1048576K
Event: 5.229 GC heap after
Heap after GC invocations=9 (full 0):
 PSYoungGen      total 581632K, used 78936K [0x00000000d5580000, 0x0000000100000000, 0x0000000100000000)
  eden space 502272K, 0% used [0x00000000d5580000,0x00000000d5580000,0x00000000f4000000)
  from space 79360K, 99% used [0x00000000f4000000,0x00000000f8d16220,0x00000000f8d80000)
  to   space 103936K, 0% used [0x00000000f9a80000,0x00000000f9a80000,0x0000000100000000)
 ParOldGen       total 278528K, used 180090K [0x0000000080000000, 0x0000000091000000, 0x00000000d5580000)
  object space 278528K, 64% used [0x0000000080000000,0x000000008afdeb68,0x0000000091000000)
 Metaspace       used 3689K, capacity 4844K, committed 5120K, reserved 1056768K
  class space    used 374K, capacity 424K, committed 512K, reserved 1048576K
}
Event: 5.896 GC heap before
{Heap before GC invocations=10 (full 0):
 PSYoungGen      total 581632K, used 581208K [0x00000000d5580000, 0x0000000100000000, 0x0000000100000000)
  eden space 502272K, 100% used [0x00000000d5580000,0x00000000f4000000,0x00000000f4000000)
  from space 79360K, 99% used [0x00000000f4000000,0x00000000f8d16220,0x00000000f8d80000)
  to   space 103936K, 0% used [0x00000000f9a80000,0x00000000f9a80000,0x0000000100000000)
 ParOldGen       total 278528K, used 180090K [0x0000000080000000, 0x0000000091000000, 0x00000000d5580000)
  object space 278528K, 64% used [0x0000000080000000,0x000000008afdeb68,0x0000000091000000)
 Metaspace       used 3689K, capacity 4844K, committed 5120K, reserved 1056768K
  class space    used 374K, capacity 424K, committed 512K, reserved 1048576K

